<?xml version="1.0" encoding="UTF-8"?>
<Site BuildName="(empty)"
	BuildStamp="20240226-0325-Experimental"
	Name="(empty)"
	Generator="ctest-3.28.0-rc5"
	CompilerName=""
	CompilerVersion=""
	OSName="Windows"
	Hostname="ASROCKPC"
	OSRelease=" Professional"
	OSVersion=" (Build 22631)"
	OSPlatform="AMD64"
	Is64Bits="1"
	VendorString="AuthenticAMD"
	VendorID="Advanced Micro Devices"
	FamilyID="15"
	ModelID="1"
	ProcessorCacheSize="64"
	NumberOfLogicalCPU="12"
	NumberOfPhysicalCPU="6"
	TotalVirtualMemory="34524"
	TotalPhysicalMemory="31863"
	LogicalProcessorsPerPhysical="2"
	ProcessorClockFrequency="4691"
	>
	<Testing>
		<StartDateTime>Feb 25 19:25 Pacific Standard Time</StartDateTime>
		<StartTestTime>1708917928</StartTestTime>
		<TestList/>
		<EndDateTime>Feb 25 19:25 Pacific Standard Time</EndDateTime>
		<EndTestTime>1708917928</EndTestTime>
		<ElapsedMinutes>0</ElapsedMinutes>
	</Testing>
</Site>
