<?xml version="1.0" encoding="UTF-8"?>
<Site BuildName="(empty)"
	BuildStamp="20240305-0044-Experimental"
	Name="(empty)"
	Generator="ctest-3.28.0-rc5"
	CompilerName=""
	CompilerVersion=""
	OSName="Windows"
	Hostname="ASROCKPC"
	OSRelease=" Professional"
	OSVersion=" (Build 22631)"
	OSPlatform="AMD64"
	Is64Bits="1"
	VendorString="AuthenticAMD"
	VendorID="Advanced Micro Devices"
	FamilyID="15"
	ModelID="1"
	ProcessorCacheSize="64"
	NumberOfLogicalCPU="12"
	NumberOfPhysicalCPU="6"
	TotalVirtualMemory="41171"
	TotalPhysicalMemory="31863"
	LogicalProcessorsPerPhysical="2"
	ProcessorClockFrequency="4692"
	>
	<Testing>
		<StartDateTime>Mar 04 16:44 Pacific Standard Time</StartDateTime>
		<StartTestTime>1709599440</StartTestTime>
		<TestList/>
		<EndDateTime>Mar 04 16:44 Pacific Standard Time</EndDateTime>
		<EndTestTime>1709599440</EndTestTime>
		<ElapsedMinutes>0</ElapsedMinutes>
	</Testing>
</Site>
