<?xml version="1.0" encoding="UTF-8"?>
<Site BuildName="(empty)"
	BuildStamp="20240205-2255-Experimental"
	Name="(empty)"
	Generator="ctest-3.28.0-rc5"
	CompilerName=""
	CompilerVersion=""
	OSName="Windows"
	Hostname="ASROCKPC"
	OSRelease=" Professional"
	OSVersion=" (Build 22631)"
	OSPlatform="AMD64"
	Is64Bits="1"
	VendorString="AuthenticAMD"
	VendorID="Advanced Micro Devices"
	FamilyID="15"
	ModelID="1"
	ProcessorCacheSize="64"
	NumberOfLogicalCPU="12"
	NumberOfPhysicalCPU="6"
	TotalVirtualMemory="33911"
	TotalPhysicalMemory="31863"
	LogicalProcessorsPerPhysical="2"
	ProcessorClockFrequency="4691"
	>
	<Testing>
		<StartDateTime>Feb 05 14:55 Pacific Standard Time</StartDateTime>
		<StartTestTime>1707173733</StartTestTime>
		<TestList/>
		<EndDateTime>Feb 05 14:55 Pacific Standard Time</EndDateTime>
		<EndTestTime>1707173733</EndTestTime>
		<ElapsedMinutes>0</ElapsedMinutes>
	</Testing>
</Site>
